

Version:	3.50
CmdLine:	D:\MyML\GPSDistance\gpsdistance.exe --l4j-debug
JNI:		No
WOW64:		Yes
Working dir:	D:\MyML\GPSDistance\.
Requires JDK:	No
Requires 64-Bit: No
Java min ver:	
Java max ver:	
Substitute:	JAVA_HOME = 
Substitute:	PATH = C:\Program Files (x86)\AMD APP\bin\x86_64;C:\Program Files (x86)\AMD APP\bin\x86;C:\Program Files (x86)\Intel\iCLS Client\;C:\Program Files\Intel\iCLS Client\;C:\Program Files\Common Files\Microsoft Shared\Windows Live;C:\Program Files (x86)\Common Files\Microsoft Shared\Windows Live;C:\Windows\system32;C:\Windows;C:\Windows\System32\Wbem;C:\Windows\System32\WindowsPowerShell\v1.0\;C:\Program Files (x86)\Windows Live\Shared;C:\Program Files\Intel\Intel(R) Management Engine Components\DAL;C:\Program Files\Intel\Intel(R) Management Engine Components\IPT;C:\Program Files (x86)\Intel\Intel(R) Management Engine Components\DAL;C:\Program Files (x86)\Intel\Intel(R) Management Engine Components\IPT;C:\Program Files (x86)\ATI Technologies\ATI.ACE\Core-Static;%JAVA_HOME%\bin\;%GRADLE_HOME%\bin;C:\Program Files\Android\Android\Android Studio\jre\bin;C:\adb;C:\Program Files\Git\cmd;C:\Program Files\Java\jdk-15.0.1\bin;C:\Program Files\Java\jdk-15.0.1\bin
JRE paths:	;C:\Program Files (x86)\AMD APP\bin\x86_64;C:\Program Files (x86)\AMD APP\bin\x86;C:\Program Files (x86)\Intel\iCLS Client\;C:\Program Files\Intel\iCLS Client\;C:\Program Files\Common Files\Microsoft Shared\Windows Live;C:\Program Files (x86)\Common Files\Microsoft Shared\Windows Live;C:\Windows\system32;C:\Windows;C:\Windows\System32\Wbem;C:\Windows\System32\WindowsPowerShell\v1.0\;C:\Program Files (x86)\Windows Live\Shared;C:\Program Files\Intel\Intel(R) Management Engine Components\DAL;C:\Program Files\Intel\Intel(R) Management Engine Components\IPT;C:\Program Files (x86)\Intel\Intel(R) Management Engine Components\DAL;C:\Program Files (x86)\Intel\Intel(R) Management Engine Components\IPT;C:\Program Files (x86)\ATI Technologies\ATI.ACE\Core-Static;%JAVA_HOME%\bin\;%GRADLE_HOME%\bin;C:\Program Files\Android\Android\Android Studio\jre\bin;C:\adb;C:\Program Files\Git\cmd;C:\Program Files\Java\jdk-15.0.1\bin;C:\Program Files\Java\jdk-15.0.1\bin
Check launcher:	C:\Program Files (x86)\AMD APP\bin\x86_64\bin\javaw.exe (not found)
Check launcher:	C:\Program Files (x86)\AMD APP\bin\x86\bin\javaw.exe (not found)
Check launcher:	C:\Program Files (x86)\Intel\iCLS Client\bin\javaw.exe (not found)
Check launcher:	C:\Program Files\Intel\iCLS Client\bin\javaw.exe (not found)
Check launcher:	C:\Program Files\Common Files\Microsoft Shared\Windows Live\bin\javaw.exe (not found)
Check launcher:	C:\Program Files (x86)\Common Files\Microsoft Shared\Windows Live\bin\javaw.exe (not found)
Check launcher:	C:\Windows\system32\bin\javaw.exe (not found)
Check launcher:	C:\Windows\bin\javaw.exe (not found)
Check launcher:	C:\Windows\System32\Wbem\bin\javaw.exe (not found)
Check launcher:	C:\Windows\System32\WindowsPowerShell\v1.0\bin\javaw.exe (not found)
Check launcher:	C:\Program Files (x86)\Windows Live\Shared\bin\javaw.exe (not found)
Check launcher:	C:\Program Files\Intel\Intel(R) Management Engine Components\DAL\bin\javaw.exe (not found)
Check launcher:	C:\Program Files\Intel\Intel(R) Management Engine Components\IPT\bin\javaw.exe (not found)
Check launcher:	C:\Program Files (x86)\Intel\Intel(R) Management Engine Components\DAL\bin\javaw.exe (not found)
Check launcher:	C:\Program Files (x86)\Intel\Intel(R) Management Engine Components\IPT\bin\javaw.exe (not found)
Check launcher:	C:\Program Files (x86)\ATI Technologies\ATI.ACE\Core-Static\bin\javaw.exe (not found)
Check launcher:	D:\MyML\GPSDistance\%JAVA_HOME%\bin\bin\javaw.exe (not found)
Check launcher:	D:\MyML\GPSDistance\%GRADLE_HOME%\bin\javaw.exe (not found)
Check launcher:	C:\Program Files\Android\Android\Android Studio\jre\bin\javaw.exe (not found)
Check launcher:	C:\adb\bin\javaw.exe (not found)
Check launcher:	C:\Program Files\Git\cmd\bin\javaw.exe (not found)
Check launcher:	C:\Program Files\Java\jdk-15.0.1\bin\javaw.exe (OK)
Version string: 1.015.000_001 / 64-Bit (OK)
Launcher:	C:\Program Files\Java\jdk-15.0.1\bin\javaw.exe
Launcher args:	-jar "D:\MyML\GPSDistance\gpsdistance.exe"
Args length:	42/32768 chars
Exit code:	0
